<?xml version="1.0" encoding="UTF-8"?>
<!-- Generated by org.testng.reporters.JUnitXMLReporter -->
<testsuite ignored="1" hostname="DESKTOP-A98T3QT" failures="0" tests="1" name="Default test" time="91.213" errors="0" timestamp="2023-12-29T16:04:17 IST">
  <testcase classname="com.agl.e_genie.testcase.Campaign_Manager_Testcase" name="homePageTestcase" time="63.632"/>
  <testcase classname="com.agl.e_genie.testcase.Campaign_Manager_Testcase" name="getTotalRowData" time="0.0">
    <ignored/>
  </testcase> <!-- getTotalRowData -->
</testsuite> <!-- Default test -->
