<?xml version="1.0" encoding="UTF-8"?>
<!-- Generated by org.testng.reporters.JUnitXMLReporter -->
<testsuite ignored="2" hostname="DEV-MK-3153-LAP" failures="0" tests="4" name="Campaign_Manager_Filter" time="124.975" errors="0" timestamp="2023-10-09T17:46:56 IST">
  <testcase classname="com.agl.e_genie.testcase.BaseTestCase" name="@BeforeMethod beforeTestCase" time="0.001">
    <failure type="java.lang.NullPointerException" message="Cannot invoke &amp;quot;com.agl.e_genie.utility.WdUtil.setExtentLogger(String)&amp;quot; because &amp;quot;this.webUtil&amp;quot; is null">
      <![CDATA[java.lang.NullPointerException: Cannot invoke "com.agl.e_genie.utility.WdUtil.setExtentLogger(String)" because "this.webUtil" is null
at com.agl.e_genie.testcase.BaseTestCase.beforeTestCase(BaseTestCase.java:51)
at java.base/java.util.ArrayList.forEach(ArrayList.java:1511)
... Removed 31 stack frames]]>
    </failure>
  </testcase> <!-- @BeforeMethod beforeTestCase -->
  <testcase classname="com.agl.e_genie.testcase.BaseTestCase" name="@AfterMethod afterTestCase" time="0.0">
    <skipped/>
  </testcase> <!-- @AfterMethod afterTestCase -->
  <testcase classname="com.agl.e_genie.testcase.BaseTestCase" name="@BeforeMethod beforeTestCase" time="0.001">
    <failure type="java.lang.NullPointerException" message="Cannot invoke &amp;quot;com.agl.e_genie.utility.WdUtil.setExtentLogger(String)&amp;quot; because &amp;quot;this.webUtil&amp;quot; is null">
      <![CDATA[java.lang.NullPointerException: Cannot invoke "com.agl.e_genie.utility.WdUtil.setExtentLogger(String)" because "this.webUtil" is null
at com.agl.e_genie.testcase.BaseTestCase.beforeTestCase(BaseTestCase.java:51)
at java.base/java.util.ArrayList.forEach(ArrayList.java:1511)
... Removed 31 stack frames]]>
    </failure>
  </testcase> <!-- @BeforeMethod beforeTestCase -->
  <testcase classname="com.agl.e_genie.testcase.BaseTestCase" name="@AfterMethod afterTestCase" time="0.0">
    <skipped/>
  </testcase> <!-- @AfterMethod afterTestCase -->
  <testcase classname="com.agl.e_genie.testcase.Campaign_Manager_Testcase" name="apply_Campaign_Manager_Filter" time="61.332"/>
  <testcase classname="com.agl.e_genie.testcase.Campaign_Manager_Testcase" name="campaign_Data_validation" time="55.646"/>
  <testcase classname="com.agl.e_genie.testcase.Negative_Keyword_Testcase" name="apply_Negative_Keyword_Filter" time="0.0">
    <skipped/>
  </testcase> <!-- apply_Negative_Keyword_Filter -->
  <testcase classname="com.agl.e_genie.testcase.Search_Term_Testcase" name="apply_Search_Term_Filter" time="0.0">
    <skipped/>
  </testcase> <!-- apply_Search_Term_Filter -->
  <testcase classname="com.agl.e_genie.testcase.BaseTestCase" name="@BeforeSuite tearUp" time="0.0">
    <ignored/>
  </testcase> <!-- @BeforeSuite tearUp -->
  <testcase classname="com.agl.e_genie.testcase.BaseTestCase" name="@BeforeSuite tearUp" time="0.0">
    <ignored/>
  </testcase> <!-- @BeforeSuite tearUp -->
</testsuite> <!-- Campaign_Manager_Filter -->
